Thu 21 Mar 2024 06:22:28 PM UTC: 
 tests:  1|4
total_score: 10/70
bc81404
Thu 21 Mar 2024 07:17:49 PM UTC: 
 exercises.c | 12 +++++++++++-
 1 file changed, 11 insertions(+), 1 deletion(-)
In file included from test.c:5:
exercises.c: In function ‘crea_lista’:
exercises.c:57:1: error: control reaches end of non-void function [-Werror=return-type]
   57 | }
      | ^
cc1: all warnings being treated as errors
Compilation failed
9dee33e
Thu 21 Mar 2024 07:20:06 PM UTC: 
 exercises.c | 2 ++
 1 file changed, 2 insertions(+)
 tests:  1|4
total_score: 10/70
5d93065
Thu 21 Mar 2024 07:30:31 PM UTC: 
 exercises.c | 14 +++++++++++++-
 1 file changed, 13 insertions(+), 1 deletion(-)
 tests:  2|3
total_score: 20/70
943fe10
Thu 21 Mar 2024 09:10:05 PM UTC: 
 exercises.c | 15 +++++++++++++++
 1 file changed, 15 insertions(+)
 tests:  2|3
total_score: 20/70
a39e93b
Thu 21 Mar 2024 09:16:19 PM UTC: 
 exercises.c | 2 +-
 1 file changed, 1 insertion(+), 1 deletion(-)
 tests:  3|2
total_score: 40/70
c87136d
Fri 22 Mar 2024 08:52:17 PM UTC: 
 exercises.c | 17 +++++++++++++++++
 1 file changed, 17 insertions(+)
 tests:  4|1
total_score: 50/70
579bf91
Fri 22 Mar 2024 08:55:19 PM UTC: 
 exercises.c | 22 ++++++++++++++++++++++
 1 file changed, 22 insertions(+)
 tests:  7|1
total_score: 60/70
7d511eb
Fri 22 Mar 2024 08:57:09 PM UTC: 
 exercises.c | 3 +--
 1 file changed, 1 insertion(+), 2 deletions(-)
 tests:  7|1
total_score: 60/70
0b459d2
Fri 22 Mar 2024 09:12:13 PM UTC: 
 exercises.c | 3 ++-
 1 file changed, 2 insertions(+), 1 deletion(-)
 tests:  7|1
total_score: 60/70
6da683b
Fri 22 Mar 2024 09:23:01 PM UTC: 
 exercises.c | 7 +++----
 1 file changed, 3 insertions(+), 4 deletions(-)
 tests:  7|1
total_score: 60/70
c78dd24
Fri 22 Mar 2024 09:26:03 PM UTC: 
 exercises.c | 35 +++++++++++++++++++++++------------
 1 file changed, 23 insertions(+), 12 deletions(-)
 tests:  7|1
total_score: 60/70
e77b50c
Fri 22 Mar 2024 10:01:21 PM UTC: 
 exercises.c | 41 +++++++++++++++--------------------------
 1 file changed, 15 insertions(+), 26 deletions(-)
In file included from test.c:5:
exercises.c: In function ‘parentesisBalanceados’:
exercises.c:162:5: error: expected identifier or ‘(’ before ‘}’ token
  162 |     }
      |     ^
In file included from test.c:6:
arraylist.c: In function ‘create_list’:
arraylist.c:15:34: error: invalid application of ‘sizeof’ to incomplete type ‘List’
   15 |   List* L = (List*)malloc(sizeof(List));
      |                                  ^~~~
arraylist.c:16:4: error: invalid use of incomplete typedef ‘List’
   16 |   L->current = 0;
      |    ^~
arraylist.c:17:4: error: invalid use of incomplete typedef ‘List’
   17 |   L->size = 0;
      |    ^~
arraylist.c: In function ‘first’:
arraylist.c:22:7: error: invalid use of incomplete typedef ‘List’
   22 |   if(L->size == 0) {
      |       ^~
arraylist.c:25:4: error: invalid use of incomplete typedef ‘List’
   25 |   L->current = 0;
      |    ^~
arraylist.c:26:11: error: invalid use of incomplete typedef ‘List’
   26 |   return L->data[L->current];
      |           ^~
arraylist.c:26:19: error: invalid use of incomplete typedef ‘List’
   26 |   return L->data[L->current];
      |                   ^~
arraylist.c: In function ‘next’:
arraylist.c:30:7: error: invalid use of incomplete typedef ‘List’
   30 |   if(L->current < L->size - 1) {
      |       ^~
arraylist.c:30:20: error: invalid use of incomplete typedef ‘List’
   30 |   if(L->current < L->size - 1) {
      |                    ^~
arraylist.c:31:6: error: invalid use of incomplete typedef ‘List’
   31 |     L->current++;
      |      ^~
arraylist.c:32:13: error: invalid use of incomplete typedef ‘List’
   32 |     return L->data[L->current];
      |             ^~
arraylist.c:32:21: error: invalid use of incomplete typedef ‘List’
   32 |     return L->data[L->current];
      |                     ^~
arraylist.c: In function ‘pushFront’:
arraylist.c:38:7: error: invalid use of incomplete typedef ‘List’
   38 |   if(L->size == 0) {
      |       ^~
arraylist.c:39:6: error: invalid use of incomplete typedef ‘List’
   39 |     L->data[0] = dato;
      |      ^~
arraylist.c:40:6: error: invalid use of incomplete typedef ‘List’
   40 |     L->size++;
      |      ^~
arraylist.c:43:16: error: invalid use of incomplete typedef ‘List’
   43 |   for(int i = L->size; i > 0; i--) {
      |                ^~
arraylist.c:44:6: error: invalid use of incomplete typedef ‘List’
   44 |     L->data[i] = L->data[i - 1];
      |      ^~
arraylist.c:44:19: error: invalid use of incomplete typedef ‘List’
   44 |     L->data[i] = L->data[i - 1];
      |                   ^~
arraylist.c:46:4: error: invalid use of incomplete typedef ‘List’
   46 |   L->data[0] = dato;
      |    ^~
arraylist.c:47:4: error: invalid use of incomplete typedef ‘List’
   47 |   L->size++;
      |    ^~
arraylist.c: In function ‘pushBack’:
arraylist.c:51:4: error: invalid use of incomplete typedef ‘List’
   51 |   L->data[L->size] = dato;
      |    ^~
arraylist.c:51:12: error: invalid use of incomplete typedef ‘List’
   51 |   L->data[L->size] = dato;
      |            ^~
arraylist.c:52:4: error: invalid use of incomplete typedef ‘List’
   52 |   L->size++;
      |    ^~
arraylist.c: In function ‘pushCurrent’:
arraylist.c:56:7: error: invalid use of incomplete typedef ‘List’
   56 |   if(L->size == 0) {
      |       ^~
arraylist.c:57:6: error: invalid use of incomplete typedef ‘List’
   57 |     L->data[0] = dato;
      |      ^~
arraylist.c:58:6: error: invalid use of incomplete typedef ‘List’
   58 |     L->size++;
      |      ^~
arraylist.c:61:16: error: invalid use of incomplete typedef ‘List’
   61 |   for(int i = L->size; i > L->current; i--) {
      |                ^~
arraylist.c:61:29: error: invalid use of incomplete typedef ‘List’
   61 |   for(int i = L->size; i > L->current; i--) {
      |                             ^~
arraylist.c:62:6: error: invalid use of incomplete typedef ‘List’
   62 |     L->data[i] = L->data[i - 1];
      |      ^~
arraylist.c:62:19: error: invalid use of incomplete typedef ‘List’
   62 |     L->data[i] = L->data[i - 1];
      |                   ^~
arraylist.c:64:4: error: invalid use of incomplete typedef ‘List’
   64 |   L->data[L->current + 1] = dato;
      |    ^~
arraylist.c:64:12: error: invalid use of incomplete typedef ‘List’
   64 |   L->data[L->current + 1] = dato;
      |            ^~
arraylist.c:65:4: error: invalid use of incomplete typedef ‘List’
   65 |   L->size++;
      |    ^~
arraylist.c: In function ‘popFront’:
arraylist.c:69:7: error: invalid use of incomplete typedef ‘List’
   69 |   if(L->size == 0) {
      |       ^~
arraylist.c:72:17: error: invalid use of incomplete typedef ‘List’
   72 |   void* dato = L->data[0];
      |                 ^~
arraylist.c:73:23: error: invalid use of incomplete typedef ‘List’
   73 |   for(int i = 0; i < L->size - 1; i++) {
      |                       ^~
arraylist.c:74:6: error: invalid use of incomplete typedef ‘List’
   74 |     L->data[i] = L->data[i + 1];
      |      ^~
arraylist.c:74:19: error: invalid use of incomplete typedef ‘List’
   74 |     L->data[i] = L->data[i + 1];
      |                   ^~
arraylist.c:76:4: error: invalid use of incomplete typedef ‘List’
   76 |   L->size--;
      |    ^~
arraylist.c: In function ‘popBack’:
arraylist.c:81:7: error: invalid use of incomplete typedef ‘List’
   81 |   if(L->size == 0) {
      |       ^~
arraylist.c:84:17: error: invalid use of incomplete typedef ‘List’
   84 |   void* dato = L->data[L->size - 1];
      |                 ^~
arraylist.c:84:25: error: invalid use of incomplete typedef ‘List’
   84 |   void* dato = L->data[L->size - 1];
      |                         ^~
arraylist.c:85:4: error: invalid use of incomplete typedef ‘List’
   85 |   L->size--;
      |    ^~
arraylist.c: In function ‘popCurrent’:
arraylist.c:90:7: error: invalid use of incomplete typedef ‘List’
   90 |   if(L->size == 0) {
      |       ^~
arraylist.c:93:17: error: invalid use of incomplete typedef ‘List’
   93 |   void* dato = L->data[L->current];
      |                 ^~
arraylist.c:93:25: error: invalid use of incomplete typedef ‘List’
   93 |   void* dato = L->data[L->current];
      |                         ^~
arraylist.c:94:16: error: invalid use of incomplete typedef ‘List’
   94 |   for(int i = L->current; i < L->size - 1; i++) {
      |                ^~
arraylist.c:94:32: error: invalid use of incomplete typedef ‘List’
   94 |   for(int i = L->current; i < L->size - 1; i++) {
      |                                ^~
arraylist.c:95:6: error: invalid use of incomplete typedef ‘List’
   95 |     L->data[i] = L->data[i + 1];
      |      ^~
arraylist.c:95:19: error: invalid use of incomplete typedef ‘List’
   95 |     L->data[i] = L->data[i + 1];
      |                   ^~
arraylist.c:97:4: error: invalid use of incomplete typedef ‘List’
   97 |   L->size--;
      |    ^~
arraylist.c:98:4: error: invalid use of incomplete typedef ‘List’
   98 |   L->current--;
      |    ^~
arraylist.c: In function ‘get_size’:
arraylist.c:103:11: error: invalid use of incomplete typedef ‘List’
  103 |   return L->size;
      |           ^~
test.c: In function ‘parentesisBalanceados’:
test.c:253:5: error: ‘main’ is normally a non-static function [-Werror=main]
  253 | int main( int argc, char *argv[] ) {
      |     ^~~~
test.c:271:1: error: expected declaration or statement at end of input
  271 | }
      | ^
test.c:272: error: control reaches end of non-void function [-Werror=return-type]
In file included from test.c:6:
arraylist.c: In function ‘first’:
arraylist.c:27:1: error: control reaches end of non-void function [-Werror=return-type]
   27 | }
      | ^
At top level:
test.c:253:5: error: ‘main’ defined but not used [-Werror=unused-function]
  253 | int main( int argc, char *argv[] ) {
      |     ^~~~
test.c:37:6: error: ‘info_msg’ defined but not used [-Werror=unused-function]
   37 | void info_msg(char* msg){
      |      ^~~~~~~~
In file included from test.c:6:
arraylist.c:102:5: error: ‘get_size’ defined but not used [-Werror=unused-function]
  102 | int get_size(List *L) {
      |     ^~~~~~~~
arraylist.c:89:7: error: ‘popCurrent’ defined but not used [-Werror=unused-function]
   89 | void* popCurrent(List *L) {
      |       ^~~~~~~~~~
arraylist.c:80:7: error: ‘popBack’ defined but not used [-Werror=unused-function]
   80 | void* popBack(List *L) {
      |       ^~~~~~~
arraylist.c:68:7: error: ‘popFront’ defined but not used [-Werror=unused-function]
   68 | void* popFront(List *L) {
      |       ^~~~~~~~
arraylist.c:55:6: error: ‘pushCurrent’ defined but not used [-Werror=unused-function]
   55 | void pushCurrent(List *L, void *dato) {
      |      ^~~~~~~~~~~
arraylist.c:37:6: error: ‘pushFront’ defined but not used [-Werror=unused-function]
   37 | void pushFront(List *L, void *dato) {
      |      ^~~~~~~~~
cc1: all warnings being treated as errors
Compilation failed
d4b2e01
Fri 22 Mar 2024 10:01:44 PM UTC: 
 exercises.c | 3 ++-
 1 file changed, 2 insertions(+), 1 deletion(-)
test.c: In function ‘test_parentesis_balanceados’:
test.c:217:9: error: implicit declaration of function ‘parentesisBalanceados’; did you mean ‘test_parentesis_balanceados’? [-Werror=implicit-function-declaration]
  217 |     if(!parentesisBalanceados(s)){
      |         ^~~~~~~~~~~~~~~~~~~~~
      |         test_parentesis_balanceados
cc1: all warnings being treated as errors
Compilation failed
5e50ab3
Fri 22 Mar 2024 10:29:01 PM UTC: 
 exercises.c | 19 ++++++++++++++++---
 1 file changed, 16 insertions(+), 3 deletions(-)
 tests:  7|1
total_score: 60/70
71e725b
Fri 22 Mar 2024 10:32:36 PM UTC: 
 exercises.c | 7 ++++---
 1 file changed, 4 insertions(+), 3 deletions(-)
 tests:  7|1
total_score: 60/70
011ff27
Fri 22 Mar 2024 10:35:23 PM UTC: 
 exercises.c | 27 ++++++++++++++-------------
 1 file changed, 14 insertions(+), 13 deletions(-)
In file included from test.c:5:
exercises.c: In function ‘parentesisBalanceados’:
exercises.c:149:25: error: passing argument 2 of ‘push’ makes pointer from integer without a cast [-Werror=int-conversion]
  149 |           push(P, cadena[i]);
      |                   ~~~~~~^~~
      |                         |
      |                         char
In file included from exercises.c:7,
                 from test.c:5:
stack.h:11:31: note: expected ‘void *’ but argument is of type ‘char’
   11 | void push(Stack *stack, void *data) { pushFront(stack, data); }
      |                         ~~~~~~^~~~
In file included from test.c:5:
exercises.c:156:26: error: initialization of ‘char’ from ‘void *’ makes integer from pointer without a cast [-Werror=int-conversion]
  156 |           char abierto = pop(P);
      |                          ^~~
exercises.c:164:33: error: passing argument 2 of ‘push’ makes pointer from integer without a cast [-Werror=int-conversion]
  164 |                   push(P, cadena[i]);
      |                           ~~~~~~^~~
      |                                 |
      |                                 char
In file included from exercises.c:7,
                 from test.c:5:
stack.h:11:31: note: expected ‘void *’ but argument is of type ‘char’
   11 | void push(Stack *stack, void *data) { pushFront(stack, data); }
      |                         ~~~~~~^~~~
In file included from test.c:5:
exercises.c:176:25: error: passing argument 2 of ‘push’ makes pointer from integer without a cast [-Werror=int-conversion]
  176 |           push(P, cadena[i]);
      |                   ~~~~~~^~~
      |                         |
      |                         char
In file included from exercises.c:7,
                 from test.c:5:
stack.h:11:31: note: expected ‘void *’ but argument is of type ‘char’
   11 | void push(Stack *stack, void *data) { pushFront(stack, data); }
      |                         ~~~~~~^~~~
cc1: all warnings being treated as errors
Compilation failed
142cb8c
Fri 22 Mar 2024 10:37:43 PM UTC: 
 exercises.c | 18 +++++++++++++-----
 1 file changed, 13 insertions(+), 5 deletions(-)
 tests:  9|0
total_score: 70/70
c434dd6
